<?xml version="1.0" encoding="UTF-8"?>
<!-- Generated by org.testng.reporters.JUnitReportReporter -->
<testsuite skipped="6" hostname="PPROPLESCH" name="eca.signUpTest.SignUpTest" tests="6" failures="0" timestamp="03 Aug 2017 13:14:39 GMT" time="0.000" errors="0">
  <testcase name="pricingSignUpTest" time="0.000" classname="eca.signUpTest.SignUpTest">
    <skipped/>
  </testcase> <!-- pricingSignUpTest -->
  <testcase name="aboutSignUpTest" time="0.000" classname="eca.signUpTest.SignUpTest">
    <skipped/>
  </testcase> <!-- aboutSignUpTest -->
  <testcase name="homeSignupTest" time="0.000" classname="eca.signUpTest.SignUpTest">
    <skipped/>
  </testcase> <!-- homeSignupTest -->
  <testcase name="serviceSignupTest" time="0.000" classname="eca.signUpTest.SignUpTest">
    <skipped/>
  </testcase> <!-- serviceSignupTest -->
  <testcase name="faqsSignUpTest" time="0.000" classname="eca.signUpTest.SignUpTest">
    <skipped/>
  </testcase> <!-- faqsSignUpTest -->
  <testcase name="resourceCenterSignUpTest" time="0.000" classname="eca.signUpTest.SignUpTest">
    <skipped/>
  </testcase> <!-- resourceCenterSignUpTest -->
</testsuite> <!-- eca.signUpTest.SignUpTest -->
