<?xml version="1.0" encoding="UTF-8"?>
<!-- Generated by org.testng.reporters.JUnitReportReporter -->
<testsuite skipped="12" hostname="PPROPLESCH" name="eca.getQuoteTest.GetPaperShredQuoteTest" tests="12" failures="0" timestamp="03 Aug 2017 13:14:39 GMT" time="0.000" errors="0">
  <testcase name="paperShred_Header_OtherMaterialQuote" time="0.000" classname="eca.getQuoteTest.GetPaperShredQuoteTest">
    <skipped/>
  </testcase> <!-- paperShred_Header_OtherMaterialQuote -->
  <testcase name="paperShredding_Regularly_PaperQuote" time="0.000" classname="eca.getQuoteTest.GetPaperShredQuoteTest">
    <skipped/>
  </testcase> <!-- paperShredding_Regularly_PaperQuote -->
  <testcase name="paperShred_Header_RegularPaperQuote" time="0.000" classname="eca.getQuoteTest.GetPaperShredQuoteTest">
    <skipped/>
  </testcase> <!-- paperShred_Header_RegularPaperQuote -->
  <testcase name="paperShredding_OneTime_OtherMaterialQuote" time="0.000" classname="eca.getQuoteTest.GetPaperShredQuoteTest">
    <skipped/>
  </testcase> <!-- paperShredding_OneTime_OtherMaterialQuote -->
  <testcase name="paperShredding_Regularly_OtherMaterialQuote" time="0.000" classname="eca.getQuoteTest.GetPaperShredQuoteTest">
    <skipped/>
  </testcase> <!-- paperShredding_Regularly_OtherMaterialQuote -->
  <testcase name="paperShredding_OneTime_RegularPaperQuote" time="0.000" classname="eca.getQuoteTest.GetPaperShredQuoteTest">
    <skipped/>
  </testcase> <!-- paperShredding_OneTime_RegularPaperQuote -->
  <testcase name="paperShredding_OneTime_PaperQuote" time="0.000" classname="eca.getQuoteTest.GetPaperShredQuoteTest">
    <skipped/>
  </testcase> <!-- paperShredding_OneTime_PaperQuote -->
  <testcase name="paperShredding_OneTime_HardDriveQuote" time="0.000" classname="eca.getQuoteTest.GetPaperShredQuoteTest">
    <skipped/>
  </testcase> <!-- paperShredding_OneTime_HardDriveQuote -->
  <testcase name="paperShredding_Regularly_RegularPaperQuote" time="0.000" classname="eca.getQuoteTest.GetPaperShredQuoteTest">
    <skipped/>
  </testcase> <!-- paperShredding_Regularly_RegularPaperQuote -->
  <testcase name="paperShred_Header_OneTimePaperQuote" time="0.000" classname="eca.getQuoteTest.GetPaperShredQuoteTest">
    <skipped/>
  </testcase> <!-- paperShred_Header_OneTimePaperQuote -->
  <testcase name="paperShredding_Regularly_HardDriveQuote" time="0.000" classname="eca.getQuoteTest.GetPaperShredQuoteTest">
    <skipped/>
  </testcase> <!-- paperShredding_Regularly_HardDriveQuote -->
  <testcase name="paperShred_Header_HardDriveQuote" time="0.000" classname="eca.getQuoteTest.GetPaperShredQuoteTest">
    <skipped/>
  </testcase> <!-- paperShred_Header_HardDriveQuote -->
</testsuite> <!-- eca.getQuoteTest.GetPaperShredQuoteTest -->
