<?xml version="1.0" encoding="UTF-8"?>
<!-- Generated by org.testng.reporters.JUnitReportReporter -->
<testsuite skipped="5" hostname="PPROPLESCH" name="eca.serviceCenterPagesTest.ServiceCenterWidgetTest" tests="5" failures="0" timestamp="03 Aug 2017 13:14:39 GMT" time="0.000" errors="0">
  <testcase name="testTitleVerification" time="0.000" classname="eca.serviceCenterPagesTest.ServiceCenterWidgetTest">
    <skipped/>
  </testcase> <!-- testTitleVerification -->
  <testcase name="testBottomRail" time="0.000" classname="eca.serviceCenterPagesTest.ServiceCenterWidgetTest">
    <skipped/>
  </testcase> <!-- testBottomRail -->
  <testcase name="testDescriptionVerification" time="0.000" classname="eca.serviceCenterPagesTest.ServiceCenterWidgetTest">
    <skipped/>
  </testcase> <!-- testDescriptionVerification -->
  <testcase name="testCommunitieServed" time="0.000" classname="eca.serviceCenterPagesTest.ServiceCenterWidgetTest">
    <skipped/>
  </testcase> <!-- testCommunitieServed -->
  <testcase name="testHeaderContactNumber" time="0.000" classname="eca.serviceCenterPagesTest.ServiceCenterWidgetTest">
    <skipped/>
  </testcase> <!-- testHeaderContactNumber -->
</testsuite> <!-- eca.serviceCenterPagesTest.ServiceCenterWidgetTest -->
