<?xml version="1.0" encoding="UTF-8"?>
<!-- Generated by org.testng.reporters.JUnitReportReporter -->
<testsuite skipped="5" hostname="PPROPLESCH" name="eca.serviceCenterPagesTest.RightRailFormTest" tests="5" failures="0" timestamp="03 Aug 2017 13:14:39 GMT" time="0.000" errors="0">
  <testcase name="testRequestAQuoteRegularPaper" time="0.000" classname="eca.serviceCenterPagesTest.RightRailFormTest">
    <skipped/>
  </testcase> <!-- testRequestAQuoteRegularPaper -->
  <testcase name="testRequestQuoteDisplay" time="0.000" classname="eca.serviceCenterPagesTest.RightRailFormTest">
    <skipped/>
  </testcase> <!-- testRequestQuoteDisplay -->
  <testcase name="testRequestAQuotePurgePaper" time="0.000" classname="eca.serviceCenterPagesTest.RightRailFormTest">
    <skipped/>
  </testcase> <!-- testRequestAQuotePurgePaper -->
  <testcase name="testRequestAQuotePurgeHardDrive" time="0.000" classname="eca.serviceCenterPagesTest.RightRailFormTest">
    <skipped/>
  </testcase> <!-- testRequestAQuotePurgeHardDrive -->
  <testcase name="testRequestAQuoteOther" time="0.000" classname="eca.serviceCenterPagesTest.RightRailFormTest">
    <skipped/>
  </testcase> <!-- testRequestAQuoteOther -->
</testsuite> <!-- eca.serviceCenterPagesTest.RightRailFormTest -->
