<?xml version="1.0" encoding="UTF-8"?>
<!-- Generated by org.testng.reporters.JUnitReportReporter -->
<testsuite skipped="8" hostname="PPROPLESCH" name="eca.getQuoteTest.GetHomeAndFooterQuoteTest" tests="8" failures="0" timestamp="03 Aug 2017 13:14:39 GMT" time="0.000" errors="0">
  <testcase name="homeOnePurgeQuote" time="0.000" classname="eca.getQuoteTest.GetHomeAndFooterQuoteTest">
    <skipped/>
  </testcase> <!-- homeOnePurgeQuote -->
  <testcase name="footerOnePurgeQuote" time="0.000" classname="eca.getQuoteTest.GetHomeAndFooterQuoteTest">
    <skipped/>
  </testcase> <!-- footerOnePurgeQuote -->
  <testcase name="footerHardDriveQuote" time="0.000" classname="eca.getQuoteTest.GetHomeAndFooterQuoteTest">
    <skipped/>
  </testcase> <!-- footerHardDriveQuote -->
  <testcase name="homeOtherMaterialQuote" time="0.000" classname="eca.getQuoteTest.GetHomeAndFooterQuoteTest">
    <skipped/>
  </testcase> <!-- homeOtherMaterialQuote -->
  <testcase name="homeRegularPaperQuote" time="0.000" classname="eca.getQuoteTest.GetHomeAndFooterQuoteTest">
    <skipped/>
  </testcase> <!-- homeRegularPaperQuote -->
  <testcase name="homeHardDriveQuote" time="0.000" classname="eca.getQuoteTest.GetHomeAndFooterQuoteTest">
    <skipped/>
  </testcase> <!-- homeHardDriveQuote -->
  <testcase name="footerRegularPaperQuote" time="0.000" classname="eca.getQuoteTest.GetHomeAndFooterQuoteTest">
    <skipped/>
  </testcase> <!-- footerRegularPaperQuote -->
  <testcase name="footerOtherMaterialQuote" time="0.000" classname="eca.getQuoteTest.GetHomeAndFooterQuoteTest">
    <skipped/>
  </testcase> <!-- footerOtherMaterialQuote -->
</testsuite> <!-- eca.getQuoteTest.GetHomeAndFooterQuoteTest -->
