<?xml version="1.0" encoding="UTF-8"?>
<!-- Generated by org.testng.reporters.JUnitReportReporter -->
<testsuite skipped="0" hostname="PPROPLESCH" name="eca.getQuoteTest.getQuoteTest" tests="4" failures="0" timestamp="26 Jul 2017 16:45:12 GMT" time="28.777" errors="0">
  <testcase name="homeRegularPaperQuote" time="3.665" classname="eca.getQuoteTest.getQuoteTest"/>
  <testcase name="homeOtherMaterialQuote" time="17.973" classname="eca.getQuoteTest.getQuoteTest"/>
  <testcase name="homeHardDriveQuote" time="3.726" classname="eca.getQuoteTest.getQuoteTest"/>
  <testcase name="homeOnePurgeQuote" time="3.413" classname="eca.getQuoteTest.getQuoteTest"/>
</testsuite> <!-- eca.getQuoteTest.getQuoteTest -->
