<?xml version="1.0" encoding="UTF-8"?>
<!-- Generated by org.testng.reporters.JUnitReportReporter -->
<testsuite skipped="12" hostname="PPROPLESCH" name="eca.getQuoteTest.GetHardDriverQuoteTest" tests="12" failures="0" timestamp="03 Aug 2017 13:14:39 GMT" time="0.000" errors="0">
  <testcase name="hdDestruction_Shearing__OtherMaterialQuote" time="0.000" classname="eca.getQuoteTest.GetHardDriverQuoteTest">
    <skipped/>
  </testcase> <!-- hdDestruction_Shearing__OtherMaterialQuote -->
  <testcase name="hdDestruction_Shearing__HardDriveQuote" time="0.000" classname="eca.getQuoteTest.GetHardDriverQuoteTest">
    <skipped/>
  </testcase> <!-- hdDestruction_Shearing__HardDriveQuote -->
  <testcase name="hdDestruction_Crushing_HardDriveQuote" time="0.000" classname="eca.getQuoteTest.GetHardDriverQuoteTest">
    <skipped/>
  </testcase> <!-- hdDestruction_Crushing_HardDriveQuote -->
  <testcase name="hdDestruction_Header_HardDriveQuote" time="0.000" classname="eca.getQuoteTest.GetHardDriverQuoteTest">
    <skipped/>
  </testcase> <!-- hdDestruction_Header_HardDriveQuote -->
  <testcase name="hdDestruction_Crushing_RegularPaperQuote" time="0.000" classname="eca.getQuoteTest.GetHardDriverQuoteTest">
    <skipped/>
  </testcase> <!-- hdDestruction_Crushing_RegularPaperQuote -->
  <testcase name="hdDestruction_Header_OneTimePaperQuote" time="0.000" classname="eca.getQuoteTest.GetHardDriverQuoteTest">
    <skipped/>
  </testcase> <!-- hdDestruction_Header_OneTimePaperQuote -->
  <testcase name="hdDestruction_Shearing_PaperQuote" time="0.000" classname="eca.getQuoteTest.GetHardDriverQuoteTest">
    <skipped/>
  </testcase> <!-- hdDestruction_Shearing_PaperQuote -->
  <testcase name="hdDestruction_Header_OtherMaterialQuote" time="0.000" classname="eca.getQuoteTest.GetHardDriverQuoteTest">
    <skipped/>
  </testcase> <!-- hdDestruction_Header_OtherMaterialQuote -->
  <testcase name="hdDestruction_Crushing_PaperQuote" time="0.000" classname="eca.getQuoteTest.GetHardDriverQuoteTest">
    <skipped/>
  </testcase> <!-- hdDestruction_Crushing_PaperQuote -->
  <testcase name="hdDestruction_Crushing_OtherMaterialQuote" time="0.000" classname="eca.getQuoteTest.GetHardDriverQuoteTest">
    <skipped/>
  </testcase> <!-- hdDestruction_Crushing_OtherMaterialQuote -->
  <testcase name="hdDestruction_Header_RegularPaperQuote" time="0.000" classname="eca.getQuoteTest.GetHardDriverQuoteTest">
    <skipped/>
  </testcase> <!-- hdDestruction_Header_RegularPaperQuote -->
  <testcase name="hdDestruction_Shearing__RegularPaperQuote" time="0.000" classname="eca.getQuoteTest.GetHardDriverQuoteTest">
    <skipped/>
  </testcase> <!-- hdDestruction_Shearing__RegularPaperQuote -->
</testsuite> <!-- eca.getQuoteTest.GetHardDriverQuoteTest -->
