<?xml version="1.0" encoding="UTF-8"?>
<!-- Generated by org.testng.reporters.JUnitReportReporter -->
<testsuite hostname="PPROPLESCH" name="eca.getQuoteTest.GetHardDriverQuoteTest" tests="12" failures="0" timestamp="3 Aug 2017 13:18:44 GMT" time="45.276" errors="0">
  <testcase name="hdDestruction_Crushing_OtherMaterialQuote" time="3.445" classname="eca.getQuoteTest.GetHardDriverQuoteTest"/>
  <testcase name="hdDestruction_Shearing__OtherMaterialQuote" time="3.640" classname="eca.getQuoteTest.GetHardDriverQuoteTest"/>
  <testcase name="hdDestruction_Header_OtherMaterialQuote" time="3.596" classname="eca.getQuoteTest.GetHardDriverQuoteTest"/>
  <testcase name="hdDestruction_Header_OneTimePaperQuote" time="5.716" classname="eca.getQuoteTest.GetHardDriverQuoteTest"/>
  <testcase name="hdDestruction_Crushing_HardDriveQuote" time="3.476" classname="eca.getQuoteTest.GetHardDriverQuoteTest"/>
  <testcase name="hdDestruction_Shearing__RegularPaperQuote" time="3.603" classname="eca.getQuoteTest.GetHardDriverQuoteTest"/>
  <testcase name="hdDestruction_Crushing_PaperQuote" time="3.663" classname="eca.getQuoteTest.GetHardDriverQuoteTest"/>
  <testcase name="hdDestruction_Shearing__HardDriveQuote" time="3.428" classname="eca.getQuoteTest.GetHardDriverQuoteTest"/>
  <testcase name="hdDestruction_Crushing_RegularPaperQuote" time="3.570" classname="eca.getQuoteTest.GetHardDriverQuoteTest"/>
  <testcase name="hdDestruction_Header_HardDriveQuote" time="3.550" classname="eca.getQuoteTest.GetHardDriverQuoteTest"/>
  <testcase name="hdDestruction_Header_RegularPaperQuote" time="3.508" classname="eca.getQuoteTest.GetHardDriverQuoteTest"/>
  <testcase name="hdDestruction_Shearing_PaperQuote" time="4.081" classname="eca.getQuoteTest.GetHardDriverQuoteTest"/>
</testsuite> <!-- eca.getQuoteTest.GetHardDriverQuoteTest -->
