<?xml version="1.0" encoding="UTF-8"?>
<!-- Generated by org.testng.reporters.JUnitReportReporter -->
<testsuite hostname="PPROPLESCH" name="eca.serviceCenterPagesTest.ServiceCenterWidgetTest" tests="5" failures="0" timestamp="3 Aug 2017 13:18:44 GMT" time="6.039" errors="0">
  <testcase name="testDescriptionVerification" time="1.038" classname="eca.serviceCenterPagesTest.ServiceCenterWidgetTest"/>
  <testcase name="testTitleVerification" time="3.887" classname="eca.serviceCenterPagesTest.ServiceCenterWidgetTest"/>
  <testcase name="testCommunitieServed" time="0.020" classname="eca.serviceCenterPagesTest.ServiceCenterWidgetTest"/>
  <testcase name="testBottomRail" time="0.027" classname="eca.serviceCenterPagesTest.ServiceCenterWidgetTest"/>
  <testcase name="testHeaderContactNumber" time="1.067" classname="eca.serviceCenterPagesTest.ServiceCenterWidgetTest"/>
</testsuite> <!-- eca.serviceCenterPagesTest.ServiceCenterWidgetTest -->
