<?xml version="1.0" encoding="UTF-8"?>
<!-- Generated by org.testng.reporters.JUnitReportReporter -->
<testsuite hostname="PPROPLESCH" name="eca.blogDetailsTest.BlogPageTest" tests="8" failures="0" timestamp="3 Aug 2017 13:18:44 GMT" time="12.397" errors="0">
  <testcase name="testSubscribeBlog" time="0.031" classname="eca.blogDetailsTest.BlogPageTest"/>
  <testcase name="testRssButton" time="5.145" classname="eca.blogDetailsTest.BlogPageTest"/>
  <testcase name="testBottomRailWidget" time="0.000" classname="eca.blogDetailsTest.BlogPageTest"/>
  <testcase name="testBannerContents" time="0.000" classname="eca.blogDetailsTest.BlogPageTest"/>
  <testcase name="testOlderPostButton" time="0.040" classname="eca.blogDetailsTest.BlogPageTest"/>
  <testcase name="testArchivesContent" time="0.044" classname="eca.blogDetailsTest.BlogPageTest"/>
  <testcase name="testContinueReadingLink" time="5.889" classname="eca.blogDetailsTest.BlogPageTest"/>
  <testcase name="testEmailValidation" time="1.248" classname="eca.blogDetailsTest.BlogPageTest"/>
</testsuite> <!-- eca.blogDetailsTest.BlogPageTest -->
