<?xml version="1.0" encoding="UTF-8"?>
<!-- Generated by org.testng.reporters.JUnitReportReporter -->
<testsuite hostname="PPROPLESCH" name="eca.serviceCenterPagesTest.RightRailFormTest" tests="5" failures="0" timestamp="3 Aug 2017 13:18:44 GMT" time="15.959" errors="0">
  <testcase name="testRequestAQuoteOther" time="3.744" classname="eca.serviceCenterPagesTest.RightRailFormTest"/>
  <testcase name="testRequestAQuotePurgeHardDrive" time="3.740" classname="eca.serviceCenterPagesTest.RightRailFormTest"/>
  <testcase name="testRequestAQuoteRegularPaper" time="4.023" classname="eca.serviceCenterPagesTest.RightRailFormTest"/>
  <testcase name="testRequestQuoteDisplay" time="2.478" classname="eca.serviceCenterPagesTest.RightRailFormTest"/>
  <testcase name="testRequestAQuotePurgePaper" time="1.974" classname="eca.serviceCenterPagesTest.RightRailFormTest"/>
</testsuite> <!-- eca.serviceCenterPagesTest.RightRailFormTest -->
