<?xml version="1.0" encoding="UTF-8"?>
<!-- Generated by org.testng.reporters.JUnitReportReporter -->
<testsuite hostname="PPROPLESCH" name="eca.signUpTest.SignUpTest" tests="6" failures="0" timestamp="3 Aug 2017 13:18:44 GMT" time="20.261" errors="0">
  <testcase name="aboutSignUpTest" time="3.734" classname="eca.signUpTest.SignUpTest"/>
  <testcase name="resourceCenterSignUpTest" time="5.015" classname="eca.signUpTest.SignUpTest"/>
  <testcase name="homeSignupTest" time="1.482" classname="eca.signUpTest.SignUpTest"/>
  <testcase name="serviceSignupTest" time="3.470" classname="eca.signUpTest.SignUpTest"/>
  <testcase name="faqsSignUpTest" time="3.439" classname="eca.signUpTest.SignUpTest"/>
  <testcase name="pricingSignUpTest" time="3.121" classname="eca.signUpTest.SignUpTest"/>
</testsuite> <!-- eca.signUpTest.SignUpTest -->
