<?xml version="1.0" encoding="UTF-8"?>
<!-- Generated by org.testng.reporters.JUnitReportReporter -->
<testsuite hostname="PPROPLESCH" name="eca.getQuoteTest.GetHomeAndFooterQuoteTest" tests="8" failures="0" timestamp="3 Aug 2017 13:18:44 GMT" time="36.879" errors="0">
  <testcase name="homeRegularPaperQuote" time="4.229" classname="eca.getQuoteTest.GetHomeAndFooterQuoteTest"/>
  <testcase name="homeHardDriveQuote" time="3.651" classname="eca.getQuoteTest.GetHomeAndFooterQuoteTest"/>
  <testcase name="homeOnePurgeQuote" time="10.061" classname="eca.getQuoteTest.GetHomeAndFooterQuoteTest"/>
  <testcase name="footerRegularPaperQuote" time="3.857" classname="eca.getQuoteTest.GetHomeAndFooterQuoteTest"/>
  <testcase name="footerHardDriveQuote" time="3.671" classname="eca.getQuoteTest.GetHomeAndFooterQuoteTest"/>
  <testcase name="footerOtherMaterialQuote" time="3.798" classname="eca.getQuoteTest.GetHomeAndFooterQuoteTest"/>
  <testcase name="homeOtherMaterialQuote" time="3.881" classname="eca.getQuoteTest.GetHomeAndFooterQuoteTest"/>
  <testcase name="footerOnePurgeQuote" time="3.731" classname="eca.getQuoteTest.GetHomeAndFooterQuoteTest"/>
</testsuite> <!-- eca.getQuoteTest.GetHomeAndFooterQuoteTest -->
