<?xml version="1.0" encoding="UTF-8"?>
<!-- Generated by org.testng.reporters.JUnitReportReporter -->
<testsuite hostname="PPROPLESCH" name="eca.getQuoteTest.GetPaperShredQuoteTest" tests="12" failures="0" timestamp="3 Aug 2017 13:18:44 GMT" time="45.182" errors="0">
  <testcase name="paperShred_Header_OneTimePaperQuote" time="5.473" classname="eca.getQuoteTest.GetPaperShredQuoteTest"/>
  <testcase name="paperShredding_Regularly_PaperQuote" time="3.504" classname="eca.getQuoteTest.GetPaperShredQuoteTest"/>
  <testcase name="paperShredding_OneTime_HardDriveQuote" time="3.534" classname="eca.getQuoteTest.GetPaperShredQuoteTest"/>
  <testcase name="paperShredding_Regularly_OtherMaterialQuote" time="3.599" classname="eca.getQuoteTest.GetPaperShredQuoteTest"/>
  <testcase name="paperShred_Header_OtherMaterialQuote" time="3.541" classname="eca.getQuoteTest.GetPaperShredQuoteTest"/>
  <testcase name="paperShredding_Regularly_HardDriveQuote" time="3.550" classname="eca.getQuoteTest.GetPaperShredQuoteTest"/>
  <testcase name="paperShredding_OneTime_PaperQuote" time="3.710" classname="eca.getQuoteTest.GetPaperShredQuoteTest"/>
  <testcase name="paperShredding_OneTime_OtherMaterialQuote" time="3.475" classname="eca.getQuoteTest.GetPaperShredQuoteTest"/>
  <testcase name="paperShredding_Regularly_RegularPaperQuote" time="3.571" classname="eca.getQuoteTest.GetPaperShredQuoteTest"/>
  <testcase name="paperShredding_OneTime_RegularPaperQuote" time="3.618" classname="eca.getQuoteTest.GetPaperShredQuoteTest"/>
  <testcase name="paperShred_Header_HardDriveQuote" time="3.946" classname="eca.getQuoteTest.GetPaperShredQuoteTest"/>
  <testcase name="paperShred_Header_RegularPaperQuote" time="3.661" classname="eca.getQuoteTest.GetPaperShredQuoteTest"/>
</testsuite> <!-- eca.getQuoteTest.GetPaperShredQuoteTest -->
